<?xml version="1.0" encoding="UTF-8"?>
<!-- Generated by org.testng.reporters.JUnitXMLReporter -->
<testsuite ignored="0" hostname="P4ALAP-GXF90G2" failures="0" tests="6" name="Test" time="0.066" errors="0" timestamp="2020-04-05T22:47:45 IST">
  <testcase classname="google.RestAPITest" name="deleteTwitter" time="0.006"/>
  <testcase classname="google.RestAPITest" name="postJira" time="0.0"/>
  <testcase classname="google.AppiumTest" name="NativeAndroidApps" time="0.0"/>
  <testcase classname="google.AppiumTest" name="iOSApps" time="0.0"/>
  <testcase classname="google.SeleniumTest" name="browserAutomation" time="0.001"/>
  <testcase classname="google.SeleniumTest" name="elementsUI" time="0.0"/>
</testsuite> <!-- Test -->
